{
  "stats": {
    "suites": 3,
    "tests": 11,
    "passes": 9,
    "pending": 0,
    "failures": 2,
    "start": "2020-12-01T07:22:28.293Z",
    "end": "2020-12-01T07:40:53.789Z",
    "duration": 1105496,
    "testsRegistered": 11,
    "passPercent": 81.81818181818183,
    "pendingPercent": 0,
    "other": 0,
    "hasOther": false,
    "skipped": 0,
    "hasSkipped": false
  },
  "results": [
    {
      "uuid": "5782f437-4190-4acc-b3da-3b35fc5d67b3",
      "title": "",
      "fullFile": "",
      "file": "",
      "beforeHooks": [],
      "afterHooks": [],
      "tests": [],
      "suites": [
        {
          "uuid": "71652404-dde7-4592-b6da-2fb32341a729",
          "title": "打卡用例",
          "fullFile": "D:\\iotgocontrol\\go\\octopus-script\\octopus-ts\\test\\shantou\\daka.test.ts",
          "file": "\\test\\shantou\\daka.test.ts",
          "beforeHooks": [],
          "afterHooks": [],
          "tests": [
            {
              "title": "获取控制设备",
              "fullTitle": "打卡用例 获取控制设备",
              "timedOut": false,
              "duration": 1701,
              "state": "passed",
              "speed": "slow",
              "pass": true,
              "fail": false,
              "pending": false,
              "context": null,
              "code": "device.bindDevices(uuids); // 绑定第一个设备\nsleep(1000);",
              "err": {},
              "uuid": "d8d65c3a-eeef-4fb5-9d96-c799a43c3273",
              "parentUUID": "71652404-dde7-4592-b6da-2fb32341a729",
              "isHook": false,
              "skipped": false
            },
            {
              "title": "打卡接口获取二维码保存在本地",
              "fullTitle": "打卡用例 打卡接口获取二维码保存在本地",
              "timedOut": false,
              "duration": 42,
              "state": "passed",
              "speed": "medium",
              "pass": true,
              "fail": false,
              "pending": false,
              "context": null,
              "code": "var fs = require('fs');\nvar axios = require(\"axios\");\nvar v_timestamp = new Date().getTime();\nvar md5 = crypto_1.default.createHash(\"md5\");\nvar md5Str = \"moapplet-manager\" + \":\" + v_timestamp;\nmd5.update(md5Str);\nvar token = md5.digest('hex');\nvar service = axios.create({\n    baseURL: \"http://10.13.225.248:80/screen/api/\",\n    timeout: 1000000,\n    headers: { Accept: \"application/json\", token: token, timestamp: v_timestamp }\n});\nvar bitmap = fs.readFileSync('./test/shantou/img/扫码.png');\nvar base64str = Buffer.from(bitmap, 'binary').toString('base64'); // base64编码\nbase64str = \"data:image/png;base64,\" + base64str;\nservice.post(\"/checkin/upload\", {\n    mac: \"D4-12-43-67-D2-3C\",\n    file: base64str\n}, {\n    timeout: 100000\n}).then(function (res) {\n    var base64 = res.data.data.qrCode.replace(/^data:image\\/\\w+;base64,/, \"\"); //去掉图片base64码前面部分data:image/png;base64\n    if (res.data.code != 200) {\n        throw new Error(\"状态码：\" + res.data.code + \" message: \" + res.data.message);\n    }\n    else if (base64.length < 300) {\n        throw new Error('token过期，提示更新!');\n    }\n    var dataBuffer = Buffer.from(base64, \"base64\");\n    fs.writeFile(\"./test/shantou/img/ewm.png\", dataBuffer, function (err) {\n        if (err) {\n            throw new Error('文件写入失败！');\n        }\n    });\n});",
              "err": {},
              "uuid": "d4ee5f7d-9831-49e8-84f7-0f98f6cf9d73",
              "parentUUID": "71652404-dde7-4592-b6da-2fb32341a729",
              "isHook": false,
              "skipped": false
            },
            {
              "title": "自动化打卡",
              "fullTitle": "打卡用例 自动化打卡",
              "timedOut": false,
              "duration": 84743,
              "state": "passed",
              "speed": "slow",
              "pass": true,
              "fail": false,
              "pending": false,
              "context": null,
              "code": "img(\"./test/shantou/img/ewm.png\").save(\"/sdcard/DCIM/Screenshots/ewm2.png\");\nsleep(3000);\nimg(\"./test/shantou/img/闪投.png\").click();\nsleep(15000);\nimg(\"./test/shantou/img/允许.png\").click();\nsleep(5000);\nimg(\"./test/shantou/img/三个点.png\").click();\nsleep(3000);\nimg(\"./test/shantou/img/开发调试.png\").click();\nsleep(3000);\nimg(\"./test/shantou/img/打开调试.png\").click();\nsleep(3000);\nimg(\"./test/shantou/img/闪投.png\").click();\nsleep(7000);\nimg(\"./test/shantou/img/登录.png\").click();\nsleep(3000);\nimg(\"./test/shantou/img/微信用户快速登录.png\").click();\nsleep(3000);\nimg(\"./test/shantou/img/允许.png\").click();\nsleep(5000);\nimg(\"./test/shantou/img/绑定手机号登录.png\").click();\nsleep(3000);\nimg(\"./test/shantou/img/允许.png\").click();\nsleep(3000);\nimg(\"./test/shantou/img/扫码.png\").click();\nsleep(3000);\nimg(\"./test/shantou/img/相册.png\").click();\nsleep(3000);\npoint.clickByPercentage(0.35, 0.15);\nsleep(3000);",
              "err": {},
              "uuid": "7e591f21-d0ec-47a8-b27b-4118ddcc2925",
              "parentUUID": "71652404-dde7-4592-b6da-2fb32341a729",
              "isHook": false,
              "skipped": false
            },
            {
              "title": "退出小钼闪投",
              "fullTitle": "打卡用例 退出小钼闪投",
              "timedOut": false,
              "duration": 2943,
              "state": "passed",
              "speed": "slow",
              "pass": true,
              "fail": false,
              "pending": false,
              "context": null,
              "code": "device.runKeyCode(3);\nsleep(2000);",
              "err": {},
              "uuid": "bb91b388-b1b9-4240-b43f-607b36e2063e",
              "parentUUID": "71652404-dde7-4592-b6da-2fb32341a729",
              "isHook": false,
              "skipped": false
            }
          ],
          "suites": [],
          "passes": [
            "d8d65c3a-eeef-4fb5-9d96-c799a43c3273",
            "d4ee5f7d-9831-49e8-84f7-0f98f6cf9d73",
            "7e591f21-d0ec-47a8-b27b-4118ddcc2925",
            "bb91b388-b1b9-4240-b43f-607b36e2063e"
          ],
          "failures": [],
          "pending": [],
          "skipped": [],
          "duration": 89429,
          "root": false,
          "rootEmpty": false,
          "_timeout": 10000000
        },
        {
          "uuid": "1605b02f-b9e2-436d-8471-8f5e54ac1ba4",
          "title": "网点用例",
          "fullFile": "D:\\iotgocontrol\\go\\octopus-script\\octopus-ts\\test\\网点可用性\\wangdian.test.ts",
          "file": "\\test\\网点可用性\\wangdian.test.ts",
          "beforeHooks": [],
          "afterHooks": [],
          "tests": [
            {
              "title": "获取控制设备",
              "fullTitle": "网点用例 获取控制设备",
              "timedOut": false,
              "duration": 1849,
              "state": "passed",
              "speed": "slow",
              "pass": true,
              "fail": false,
              "pending": false,
              "context": null,
              "code": "device.bindDevices(uuids);\nsleep(1000);",
              "err": {},
              "uuid": "715fbcac-f10a-4560-a814-6d937fa98dd1",
              "parentUUID": "1605b02f-b9e2-436d-8471-8f5e54ac1ba4",
              "isHook": false,
              "skipped": false
            },
            {
              "title": "进入趣玩街",
              "fullTitle": "网点用例 进入趣玩街",
              "timedOut": false,
              "duration": 14542,
              "state": "passed",
              "speed": "slow",
              "pass": true,
              "fail": false,
              "pending": false,
              "context": null,
              "code": "img(\"./test/网点可用性/img/趣玩街.png\").click();\nsleep(10000);\nimg(\"./test/网点可用性/img/允许.png\").click();\nsleep(2000);",
              "err": {},
              "uuid": "37b011e5-c42b-4ff5-98af-69f2c5548d64",
              "parentUUID": "1605b02f-b9e2-436d-8471-8f5e54ac1ba4",
              "isHook": false,
              "skipped": false
            },
            {
              "title": "执行切换商城",
              "fullTitle": "网点用例 执行切换商城",
              "timedOut": false,
              "duration": 631046,
              "state": "failed",
              "speed": null,
              "pass": false,
              "fail": true,
              "pending": false,
              "context": null,
              "code": "point.clickByPixel(50, 270); // 切换\nsleep(2000);\nvar cityList = [\"上海\", \"佛山\", \"北京\", \"厦门\", \"广州\", \"西安\", \"郑州\", \"重庆\"];\nfor (var i = 0; i < cityList.length; i++) {\n    var x = 200;\n    var y = 676;\n    var list;\n    if (i == 0) {\n        list = [\"世纪汇广场\", \"世博源广场\", \"百联中环购物广场\", \"静安大悦城\", \"爱琴海微站\", \"世茂广场\", \"爱琴海B1\"];\n        slideDown(i);\n        qiehuan(x, y, list, cityList[i]); //7\n    }\n    if (i == 1) {\n        list = [\"九珑璧支行\", \"季华支行\", \"澜普支行\", \"世纪康城支行\", \"盛南新都支行\", \"影萌路支行\", \"锦华支行\", \"绿景三路支行\", \"大福南支路\", \"普君新城支路\", \"广佛路支行\", \"同济支行\", \"同福路支行\", \"东方水岸支行\", \"榴子支行\", \"莲华支行\", \"厚辉支行\", \"江湾支行\", \"威尔斯广场支行\", \"佛平路支行\"];\n        slideDown(i);\n        qiehuan(x, y, list, cityList[i]); //24\n    }\n    if (i == 2) {\n        list = [\"京东6号楼四层C1区09\", \"京东商超移动点位5区\"];\n        slideDown(i);\n        qiehuan(x, y, list, cityList[i]); //43\n    }\n    if (i == 3) {\n        list = [\"厦门国际会议展览中心\"];\n        slideDown(i);\n        qiehuan(x, y, list, cityList[i]);\n    }\n    if (i == 4) {\n        list = [\"中国银行广州合景支行\"];\n        slideDown(i);\n        qiehuan(x, y, list, cityList[i]);\n    }\n    if (i == 5) {\n        list = [\"西安曲江大悦城\"];\n        slideDown(i);\n        qiehuan(x, y, list, cityList[i]);\n    }\n    if (i == 6) {\n        list = [\"郑州农商银行老鸦陈支部\"];\n        slideDown(i);\n        qiehuan(x, y, list, cityList[i]);\n    }\n    if (i == 7) {\n        list = [\"京东电器超级体验店\"];\n        slideDown(i);\n        qiehuan(x, y, list, cityList[i]);\n    }\n}\nif (err != '') {\n    throw new Error(err);\n}",
              "err": {
                "message": "Error: \n佛山--九珑璧支行  是银行\n佛山--季华支行  是银行\n佛山--澜普支行  是银行\n佛山--世纪康城支行  是银行\n佛山--盛南新都支行  是银行\n佛山--影萌路支行  是银行\n佛山--锦华支行  是银行\n佛山--绿景三路支行  是银行\n佛山--大福南支路  是银行\n佛山--普君新城支路  是银行\n佛山--广佛路支行  是银行\n佛山--同济支行  是银行\n佛山--同福路支行  是银行\n佛山--东方水岸支行  是银行\n佛山--榴子支行  是银行\n佛山--莲华支行  是银行\n佛山--厚辉支行  是银行\n佛山--江湾支行  是银行\n佛山--威尔斯广场支行  是银行\n佛山--佛平路支行  是银行\n广州--中国银行广州合景支行  是银行\n西安--西安曲江大悦城  是银行\n重庆--京东电器超级体验店  是银行",
                "estack": "Error: \n佛山--九珑璧支行  是银行\n佛山--季华支行  是银行\n佛山--澜普支行  是银行\n佛山--世纪康城支行  是银行\n佛山--盛南新都支行  是银行\n佛山--影萌路支行  是银行\n佛山--锦华支行  是银行\n佛山--绿景三路支行  是银行\n佛山--大福南支路  是银行\n佛山--普君新城支路  是银行\n佛山--广佛路支行  是银行\n佛山--同济支行  是银行\n佛山--同福路支行  是银行\n佛山--东方水岸支行  是银行\n佛山--榴子支行  是银行\n佛山--莲华支行  是银行\n佛山--厚辉支行  是银行\n佛山--江湾支行  是银行\n佛山--威尔斯广场支行  是银行\n佛山--佛平路支行  是银行\n广州--中国银行广州合景支行  是银行\n西安--西安曲江大悦城  是银行\n重庆--京东电器超级体验店  是银行\n    at Context.<anonymous> (test\\网点可用性\\wangdian.test.ts:108:13)\n    at processImmediate (internal/timers.js:461:21)",
                "diff": null
              },
              "uuid": "a714bf0c-4dad-41d7-8b66-97c56a4766bb",
              "parentUUID": "1605b02f-b9e2-436d-8471-8f5e54ac1ba4",
              "isHook": false,
              "skipped": false
            },
            {
              "title": "退出趣玩街",
              "fullTitle": "网点用例 退出趣玩街",
              "timedOut": false,
              "duration": 5557,
              "state": "passed",
              "speed": "slow",
              "pass": true,
              "fail": false,
              "pending": false,
              "context": null,
              "code": "device.runKeyCode(4);\nsleep(2000);\ndevice.runKeyCode(3);\nsleep(2000);",
              "err": {},
              "uuid": "15dbdbff-5e01-4d47-99e8-22b4bda75ece",
              "parentUUID": "1605b02f-b9e2-436d-8471-8f5e54ac1ba4",
              "isHook": false,
              "skipped": false
            }
          ],
          "suites": [],
          "passes": [
            "715fbcac-f10a-4560-a814-6d937fa98dd1",
            "37b011e5-c42b-4ff5-98af-69f2c5548d64",
            "15dbdbff-5e01-4d47-99e8-22b4bda75ece"
          ],
          "failures": [
            "a714bf0c-4dad-41d7-8b66-97c56a4766bb"
          ],
          "pending": [],
          "skipped": [],
          "duration": 652994,
          "root": false,
          "rootEmpty": false,
          "_timeout": 10000000
        },
        {
          "uuid": "e805ef50-7ad3-46ba-8f6e-310b6b9d55a9",
          "title": "跳一跳用例",
          "fullFile": "D:\\iotgocontrol\\go\\octopus-script\\octopus-ts\\test\\趣玩街\\jumpGame.test.ts",
          "file": "\\test\\趣玩街\\jumpGame.test.ts",
          "beforeHooks": [],
          "afterHooks": [],
          "tests": [
            {
              "title": "获取控制设备",
              "fullTitle": "跳一跳用例 获取控制设备",
              "timedOut": false,
              "duration": 1714,
              "state": "passed",
              "speed": "slow",
              "pass": true,
              "fail": false,
              "pending": false,
              "context": null,
              "code": "device.bindDevices(uuids); // 绑定第一个设备\nsleep(1000);",
              "err": {},
              "uuid": "f48c74c7-ee5c-41bb-ac3e-9a1cbc2bbb66",
              "parentUUID": "e805ef50-7ad3-46ba-8f6e-310b6b9d55a9",
              "isHook": false,
              "skipped": false
            },
            {
              "title": "自动运行跳一跳，自动捕捉结算页面",
              "fullTitle": "跳一跳用例 自动运行跳一跳，自动捕捉结算页面",
              "timedOut": false,
              "duration": 356379,
              "state": "failed",
              "speed": null,
              "pass": false,
              "fail": true,
              "pending": false,
              "context": null,
              "code": "img(\"./test/趣玩街/img/趣玩街.png\").click();\nsleep(15000);\ntext(\"取消\").clickByOCR();\nsleep(3000);\nimg(\"./test/趣玩街/img/我的.png\").click();\nsleep(3000);\nimg(\"./test/趣玩街/img/点击登录.png\").click();\nsleep(3000);\nimg(\"./test/趣玩街/img/允许.png\").click();\nsleep(3000);\nimg(\"./test/趣玩街/img/扫码游戏.png\").click();\nsleep(3000);\nimg(\"./test/趣玩街/img/相册.png\").click();\nsleep(3000);\npoint.clickByPercentage(0.65, 0.15);\nsleep(3000);\nimg(\"./test/趣玩街/img/进入游戏.png\").click();\nsleep(3000);\nimg(\"./test/趣玩街/img/允许.png\").click();\nsleep(3000);\nimg(\"./test/趣玩街/img/进入游戏.png\").click();\nsleep(18000);\ntext(\"准备\").clickByOCR();\nsleep(20000);\nfor (var x = 0; x < 240; x++) {\n    point.clickByPercentage(0.5, 0.5);\n    sleep(300);\n}\nsleep(10000);\ntry {\n    img(\"./test/趣玩街/img/获得奖励.png\").exists();\n}\ncatch (error) {\n    err += \"奖励界面出错!\";\n}\nsleep(2000);\nfor (var y = 0; y < 1; y++) {\n    text(\"再来一局\").clickByOCR();\n    sleep(10000);\n    text(\"进入游戏\").clickByOCR();\n    sleep(15000);\n    text(\"准备\").clickByOCR();\n    sleep(10000);\n    for (var x = 0; x < 240; x++) {\n        point.clickByPercentage(0.5, 0.5);\n        sleep(300);\n    }\n    sleep(10000);\n    try {\n        img(\"./test/趣玩街/img/获得奖励.png\").exists();\n    }\n    catch (error) {\n        err += \"奖励界面出错!\";\n    }\n    sleep(2000);\n}\nif (err != \"\") {\n    throw new Error(err);\n}",
              "err": {
                "message": "Error: octopus error: The current text does not exist!---(再来一局)",
                "estack": "Error: octopus error: The current text does not exist!---(再来一局)\n    at intercept (sync-axios\\index.ts:37:11)\n    at Object.axios [as default] (sync-axios\\index.ts:62:10)\n    at Text.clickByOCR (model\\text.ts:62:10)\n    at Context.<anonymous> (test\\趣玩街\\jumpGame.test.ts:55:20)\n    at processImmediate (internal/timers.js:461:21)",
                "diff": null
              },
              "uuid": "c862a8f7-1ac1-4276-a864-53e62ddc0e0a",
              "parentUUID": "e805ef50-7ad3-46ba-8f6e-310b6b9d55a9",
              "isHook": false,
              "skipped": false
            },
            {
              "title": "退出趣玩街体验版",
              "fullTitle": "跳一跳用例 退出趣玩街体验版",
              "timedOut": false,
              "duration": 2701,
              "state": "passed",
              "speed": "slow",
              "pass": true,
              "fail": false,
              "pending": false,
              "context": null,
              "code": "device.runKeyCode(3);\nsleep(2000);",
              "err": {},
              "uuid": "539c96b2-40e2-4e46-a7c4-cb2d7b0728ae",
              "parentUUID": "e805ef50-7ad3-46ba-8f6e-310b6b9d55a9",
              "isHook": false,
              "skipped": false
            }
          ],
          "suites": [],
          "passes": [
            "f48c74c7-ee5c-41bb-ac3e-9a1cbc2bbb66",
            "539c96b2-40e2-4e46-a7c4-cb2d7b0728ae"
          ],
          "failures": [
            "c862a8f7-1ac1-4276-a864-53e62ddc0e0a"
          ],
          "pending": [],
          "skipped": [],
          "duration": 360794,
          "root": false,
          "rootEmpty": false,
          "_timeout": 10000000
        }
      ],
      "passes": [],
      "failures": [],
      "pending": [],
      "skipped": [],
      "duration": 0,
      "root": true,
      "rootEmpty": true,
      "_timeout": 10000000
    }
  ],
  "meta": {
    "mocha": {
      "version": "8.2.1"
    },
    "mochawesome": {
      "options": {
        "quiet": false,
        "reportFilename": "mochawesome",
        "saveHtml": true,
        "saveJson": true,
        "consoleReporter": "spec",
        "useInlineDiffs": false,
        "code": true
      },
      "version": "6.2.1"
    },
    "marge": {
      "options": null,
      "version": "5.1.0"
    }
  }
}